# JRE version: Java(TM) SE Runtime Environment 18.9 (11.0.15.1+2) (build 11.0.15.1+2-LTS-10)
# Java VM: Java HotSpot(TM) 64-Bit Server VM 18.9 (11.0.15.1+2-LTS-10, mixed mode, tiered, compressed oops, g1 gc, windows-amd64)
Heap:
 garbage-first heap   total 114688K, used 84913K [0x00000000f9000000, 0x0000000100000000)
  region size 1024K, 15 young (15360K), 2 survivors (2048K)
 Metaspace       used 86572K, capacity 89586K, committed 89808K, reserved 1126400K
  class space    used 10872K, capacity 12090K, committed 12160K, reserved 1048576K
GC Heap History (10 events):
Event: 16.255 GC heap before
{Heap before GC invocations=43 (full 0):
 garbage-first heap   total 114688K, used 95137K [0x00000000f9000000, 0x0000000100000000)
  region size 1024K, 29 young (29696K), 3 survivors (3072K)
 Metaspace       used 83159K, capacity 85604K, committed 85712K, reserved 1124352K
  class space    used 10359K, capacity 11362K, committed 11392K, reserved 1048576K
}
Event: 16.261 GC heap after
{Heap after GC invocations=44 (full 0):
 garbage-first heap   total 114688K, used 70208K [0x00000000f9000000, 0x0000000100000000)
  region size 1024K, 4 young (4096K), 4 survivors (4096K)
 Metaspace       used 83159K, capacity 85604K, committed 85712K, reserved 1124352K
  class space    used 10359K, capacity 11362K, committed 11392K, reserved 1048576K
}
Event: 16.394 GC heap before
{Heap before GC invocations=44 (full 0):
 garbage-first heap   total 114688K, used 94784K [0x00000000f9000000, 0x0000000100000000)
  region size 1024K, 29 young (29696K), 4 survivors (4096K)
 Metaspace       used 84065K, capacity 86612K, committed 86864K, reserved 1124352K
  class space    used 10445K, capacity 11475K, committed 11520K, reserved 1048576K
}
Event: 16.399 GC heap after
{Heap after GC invocations=45 (full 0):
 garbage-first heap   total 114688K, used 72441K [0x00000000f9000000, 0x0000000100000000)
  region size 1024K, 4 young (4096K), 4 survivors (4096K)
 Metaspace       used 84065K, capacity 86612K, committed 86864K, reserved 1124352K
  class space    used 10445K, capacity 11475K, committed 11520K, reserved 1048576K
}
Event: 17.228 GC heap before
{Heap before GC invocations=46 (full 0):
 garbage-first heap   total 114688K, used 95993K [0x00000000f9000000, 0x0000000100000000)
  region size 1024K, 27 young (27648K), 4 survivors (4096K)
 Metaspace       used 85097K, capacity 87791K, committed 87888K, reserved 1126400K
  class space    used 10601K, capacity 11695K, committed 11776K, reserved 1048576K
}
Event: 17.233 GC heap after
{Heap after GC invocations=47 (full 0):
 garbage-first heap   total 114688K, used 73918K [0x00000000f9000000, 0x0000000100000000)
  region size 1024K, 2 young (2048K), 2 survivors (2048K)
 Metaspace       used 85097K, capacity 87791K, committed 87888K, reserved 1126400K
  class space    used 10601K, capacity 11695K, committed 11776K, reserved 1048576K
}
Event: 17.262 GC heap before
{Heap before GC invocations=47 (full 0):
 garbage-first heap   total 114688K, used 76990K [0x00000000f9000000, 0x0000000100000000)
  region size 1024K, 5 young (5120K), 2 survivors (2048K)
 Metaspace       used 85251K, capacity 88002K, committed 88144K, reserved 1126400K
  class space    used 10635K, capacity 11746K, committed 11776K, reserved 1048576K
}
Event: 17.268 GC heap after
{Heap after GC invocations=48 (full 0):
 garbage-first heap   total 114688K, used 72786K [0x00000000f9000000, 0x0000000100000000)
  region size 1024K, 1 young (1024K), 1 survivors (1024K)
 Metaspace       used 85251K, capacity 88002K, committed 88144K, reserved 1126400K
  class space    used 10635K, capacity 11746K, committed 11776K, reserved 1048576K
}
Event: 41.653 GC heap before
{Heap before GC invocations=48 (full 0):
 garbage-first heap   total 114688K, used 94290K [0x00000000f9000000, 0x0000000100000000)
  region size 1024K, 23 young (23552K), 1 survivors (1024K)
 Metaspace       used 86461K, capacity 89478K, committed 89808K, reserved 1126400K
  class space    used 10859K, capacity 12072K, committed 12160K, reserved 1048576K
}
Event: 41.659 GC heap after
{Heap after GC invocations=49 (full 0):
 garbage-first heap   total 114688K, used 73649K [0x00000000f9000000, 0x0000000100000000)
  region size 1024K, 2 young (2048K), 2 survivors (2048K)
 Metaspace       used 86461K, capacity 89478K, committed 89808K, reserved 1126400K
  class space    used 10859K, capacity 12072K, committed 12160K, reserved 1048576K
}

